Arguments: 
  /usr/local/Cellar/node/12.10.0/bin/node /usr/local/Cellar/yarn/1.17.3/libexec/bin/yarn.js init

PATH: 
  /usr/local/opt/mongodb@3.6/bin:/usr/local/opt/node@10/bin:/usr/local/opt/qt@5.5/bin:/Users/leslie.hoare/.rbenv/shims:/Users/leslie.hoare/bin:/usr/local/bin:/usr/bin:/bin:/usr/sbin:/sbin:/usr/local/MacGPG2/bin:/Users/leslie.hoare/.antigen/bundles/robbyrussell/oh-my-zsh/lib:/Users/leslie.hoare/.antigen/bundles/robbyrussell/oh-my-zsh/plugins/git:/Users/leslie.hoare/.antigen/bundles/robbyrussell/oh-my-zsh/plugins/ruby:/Users/leslie.hoare/.antigen/bundles/robbyrussell/oh-my-zsh/plugins/command-not-found:/Users/leslie.hoare/.antigen/bundles/zsh-users/zsh-syntax-highlighting

Yarn version: 
  1.17.3

Node version: 
  12.10.0

Platform: 
  darwin x64

Trace: 
  Error: canceled
      at Interface.<anonymous> (/usr/local/Cellar/yarn/1.17.3/libexec/lib/cli.js:136724:13)
      at Interface.emit (events.js:209:13)
      at Interface._ttyWrite (readline.js:887:16)
      at ReadStream.onkeypress (readline.js:191:10)
      at ReadStream.emit (events.js:209:13)
      at emitKeys (internal/readline/utils.js:433:14)
      at emitKeys.next (<anonymous>)
      at ReadStream.onData (readline.js:1153:36)
      at ReadStream.emit (events.js:209:13)
      at addChunk (_stream_readable.js:305:12)

npm manifest: 
  No manifest

yarn manifest: 
  No manifest

Lockfile: 
  No lockfile
